<?xml version="1.0" encoding="UTF-8"?>
<!-- Generated by org.testng.reporters.JUnitReportReporter -->
<testsuite skipped="0" hostname="pritamkx-MOBL1" name="com.pack1.testng.Test3" tests="6" failures="0" timestamp="06 Sep 2019 04:25:45 GMT" time="520.105" errors="1">
  <testcase name="loginToApp" time="57.274" classname="com.pack1.testng.Test3"/>
  <testcase name="loginToApp" time="56.181" classname="com.pack1.testng.Test3"/>
  <testcase name="loginToApp" time="127.062" classname="com.pack1.testng.Test3">
    <error type="org.openqa.selenium.WebDriverException" message="unknown error: unable to discover open pages
Build info: version: &#039;3.141.59&#039;, revision: &#039;e82be7d358&#039;, time: &#039;2018-11-14T08:25:53&#039;
System info: host: &#039;PRITAMKX-MOBL1&#039;, ip: &#039;192.168.0.62&#039;, os.name: &#039;Windows 10&#039;, os.arch: &#039;amd64&#039;, os.version: &#039;10.0&#039;, java.version: &#039;1.8.0_171&#039;
Driver info: driver.version: ChromeDriver
remote stacktrace: Backtrace:
	Ordinal0 [0x01057C93+1473683]
	Ordinal0 [0x00FDADB1+961969]
	Ordinal0 [0x00F642E3+475875]
	Ordinal0 [0x00EFF2C1+62145]
	Ordinal0 [0x00EFBC77+48247]
	Ordinal0 [0x00F19149+168265]
	Ordinal0 [0x00F18D1D+167197]
	Ordinal0 [0x00F1742B+160811]
	Ordinal0 [0x00F00AE6+68326]
	Ordinal0 [0x00F01BF0+72688]
	Ordinal0 [0x00F01B89+72585]
	Ordinal0 [0x00FF4B77+1067895]
	GetHandleVerifier [0x010F6875+506677]
	GetHandleVerifier [0x010F6610+506064]
	GetHandleVerifier [0x010FD1B8+533624]
	GetHandleVerifier [0x010F704A+508682]
	Ordinal0 [0x00FEC266+1032806]
	Ordinal0 [0x00FEC0DF+1032415]
	Ordinal0 [0x00FF6A8B+1075851]
	Ordinal0 [0x00FF6BF3+1076211]
	Ordinal0 [0x00FF5BA5+1072037]
	BaseThreadInitThunk [0x76FE8674+36]
	RtlGetAppContainerNamedObjectPath [0x77BD5E17+311]
	RtlGetAppContainerNamedObjectPath [0x77BD5DE7+263]
">
      <![CDATA[org.openqa.selenium.WebDriverException: unknown error: unable to discover open pages
Build info: version: '3.141.59', revision: 'e82be7d358', time: '2018-11-14T08:25:53'
System info: host: 'PRITAMKX-MOBL1', ip: '192.168.0.62', os.name: 'Windows 10', os.arch: 'amd64', os.version: '10.0', java.version: '1.8.0_171'
Driver info: driver.version: ChromeDriver
remote stacktrace: Backtrace:
Ordinal0 [0x01057C93+1473683]
Ordinal0 [0x00FDADB1+961969]
Ordinal0 [0x00F642E3+475875]
Ordinal0 [0x00EFF2C1+62145]
Ordinal0 [0x00EFBC77+48247]
Ordinal0 [0x00F19149+168265]
Ordinal0 [0x00F18D1D+167197]
Ordinal0 [0x00F1742B+160811]
Ordinal0 [0x00F00AE6+68326]
Ordinal0 [0x00F01BF0+72688]
Ordinal0 [0x00F01B89+72585]
Ordinal0 [0x00FF4B77+1067895]
GetHandleVerifier [0x010F6875+506677]
GetHandleVerifier [0x010F6610+506064]
GetHandleVerifier [0x010FD1B8+533624]
GetHandleVerifier [0x010F704A+508682]
Ordinal0 [0x00FEC266+1032806]
Ordinal0 [0x00FEC0DF+1032415]
Ordinal0 [0x00FF6A8B+1075851]
Ordinal0 [0x00FF6BF3+1076211]
Ordinal0 [0x00FF5BA5+1072037]
BaseThreadInitThunk [0x76FE8674+36]
RtlGetAppContainerNamedObjectPath [0x77BD5E17+311]
RtlGetAppContainerNamedObjectPath [0x77BD5DE7+263]

at sun.reflect.NativeConstructorAccessorImpl.newInstance0(Native Method)
at sun.reflect.NativeConstructorAccessorImpl.newInstance(NativeConstructorAccessorImpl.java:62)
at sun.reflect.DelegatingConstructorAccessorImpl.newInstance(DelegatingConstructorAccessorImpl.java:45)
at java.lang.reflect.Constructor.newInstance(Constructor.java:423)
at org.openqa.selenium.remote.W3CHandshakeResponse.lambda$errorHandler$0(W3CHandshakeResponse.java:62)
at org.openqa.selenium.remote.HandshakeResponse.lambda$getResponseFunction$0(HandshakeResponse.java:30)
at org.openqa.selenium.remote.ProtocolHandshake.lambda$createSession$0(ProtocolHandshake.java:126)
at java.util.stream.ReferencePipeline$3$1.accept(ReferencePipeline.java:193)
at java.util.Spliterators$ArraySpliterator.tryAdvance(Spliterators.java:958)
at java.util.stream.ReferencePipeline.forEachWithCancel(ReferencePipeline.java:126)
at java.util.stream.AbstractPipeline.copyIntoWithCancel(AbstractPipeline.java:498)
at java.util.stream.AbstractPipeline.copyInto(AbstractPipeline.java:485)
at java.util.stream.AbstractPipeline.wrapAndCopyInto(AbstractPipeline.java:471)
at java.util.stream.FindOps$FindOp.evaluateSequential(FindOps.java:152)
at java.util.stream.AbstractPipeline.evaluate(AbstractPipeline.java:234)
at java.util.stream.ReferencePipeline.findFirst(ReferencePipeline.java:464)
at org.openqa.selenium.remote.ProtocolHandshake.createSession(ProtocolHandshake.java:128)
at org.openqa.selenium.remote.ProtocolHandshake.createSession(ProtocolHandshake.java:74)
at org.openqa.selenium.remote.HttpCommandExecutor.execute(HttpCommandExecutor.java:136)
at org.openqa.selenium.remote.service.DriverCommandExecutor.execute(DriverCommandExecutor.java:83)
at org.openqa.selenium.remote.RemoteWebDriver.execute(RemoteWebDriver.java:552)
at org.openqa.selenium.remote.RemoteWebDriver.startSession(RemoteWebDriver.java:213)
at org.openqa.selenium.remote.RemoteWebDriver.<init>(RemoteWebDriver.java:131)
at org.openqa.selenium.chrome.ChromeDriver.<init>(ChromeDriver.java:181)
at org.openqa.selenium.chrome.ChromeDriver.<init>(ChromeDriver.java:168)
at org.openqa.selenium.chrome.ChromeDriver.<init>(ChromeDriver.java:123)
at com.pack1.testng.Test3.loginToApp(Test3.java:15)
at sun.reflect.NativeMethodAccessorImpl.invoke0(Native Method)
at sun.reflect.NativeMethodAccessorImpl.invoke(NativeMethodAccessorImpl.java:62)
at sun.reflect.DelegatingMethodAccessorImpl.invoke(DelegatingMethodAccessorImpl.java:43)
at java.lang.reflect.Method.invoke(Method.java:498)
at org.testng.internal.MethodInvocationHelper.invokeMethod(MethodInvocationHelper.java:124)
at org.testng.internal.Invoker.invokeMethod(Invoker.java:580)
at org.testng.internal.Invoker.invokeTestMethod(Invoker.java:716)
at org.testng.internal.Invoker.invokeTestMethods(Invoker.java:988)
at org.testng.internal.TestMethodWorker.invokeTestMethods(TestMethodWorker.java:125)
at org.testng.internal.TestMethodWorker.run(TestMethodWorker.java:109)
at org.testng.TestRunner.privateRun(TestRunner.java:648)
at org.testng.TestRunner.run(TestRunner.java:505)
at org.testng.SuiteRunner.runTest(SuiteRunner.java:455)
at org.testng.SuiteRunner.access$000(SuiteRunner.java:40)
at org.testng.SuiteRunner$SuiteWorker.run(SuiteRunner.java:489)
at org.testng.internal.thread.ThreadUtil$1.call(ThreadUtil.java:52)
at java.util.concurrent.FutureTask.run(FutureTask.java:266)
at java.util.concurrent.ThreadPoolExecutor.runWorker(ThreadPoolExecutor.java:1149)
at java.util.concurrent.ThreadPoolExecutor$Worker.run(ThreadPoolExecutor.java:624)
at java.lang.Thread.run(Thread.java:748)
]]>
    </error>
  </testcase> <!-- loginToApp -->
  <testcase name="loginToApp" time="99.110" classname="com.pack1.testng.Test3"/>
  <testcase name="loginToApp" time="76.665" classname="com.pack1.testng.Test3"/>
  <testcase name="loginToApp" time="103.813" classname="com.pack1.testng.Test3"/>
</testsuite> <!-- com.pack1.testng.Test3 -->
